<?xml version="1.0" encoding="UTF-8"?>
<!-- Generated by org.testng.reporters.JUnitXMLReporter -->
<testsuite ignored="0" hostname="DESKTOP-U0QKV6T" failures="0" tests="4" name="Chrome Browser Test Cases" time="16.81" errors="0" timestamp="2024-06-13T15:13:20 IST">
  <testcase classname="testngslassespractice.CrossBrowserTesting" name="googleSelenium" time="3.308"/>
  <testcase classname="testngslassespractice.CrossBrowserTesting" name="googleTestng" time="4.054"/>
  <testcase classname="testngslassespractice.CrossBrowserTesting" name="googleTirupati" time="2.627"/>
  <testcase classname="testngslassespractice.CrossBrowserTesting" name="googlesearch" time="4.29"/>
</testsuite> <!-- Chrome Browser Test Cases -->
