<?xml version="1.0" encoding="UTF-8"?>
<!-- Generated by org.testng.reporters.JUnitXMLReporter -->
<testsuite ignored="0" hostname="DESKTOP-U0QKV6T" failures="0" tests="4" name="MicroSoft Edge Browser Test Cases" time="23.117" errors="0" timestamp="2024-06-13T15:13:46 IST">
  <testcase classname="testngslassespractice.CrossBrowserTesting" name="googleSelenium" time="3.751"/>
  <testcase classname="testngslassespractice.CrossBrowserTesting" name="googleTestng" time="3.444"/>
  <testcase classname="testngslassespractice.CrossBrowserTesting" name="googleTirupati" time="3.517"/>
  <testcase classname="testngslassespractice.CrossBrowserTesting" name="googlesearch" time="2.916"/>
</testsuite> <!-- MicroSoft Edge Browser Test Cases -->
