<?xml version="1.0" encoding="UTF-8"?>
<!-- Generated by org.testng.reporters.JUnitXMLReporter -->
<testsuite ignored="7" hostname="DESKTOP-U0QKV6T" failures="0" tests="4" name="Test" time="10.679" errors="0" timestamp="2024-06-05T15:52:05 IST">
  <testcase classname="testngslassespractice.TestNG_Groups" name="facebook" time="1.125"/>
  <testcase classname="testngslassespractice.TestNG_Groups" name="gmail" time="1.632"/>
  <testcase classname="testngslassespractice.TestNG_Groups" name="google" time="1.098"/>
  <testcase classname="testngslassespractice.TestNG_Groups" name="twitter" time="4.765"/>
  <testcase classname="testngslassespractice.TestNG_Groups" name="zomato" time="0.0">
    <ignored/>
  </testcase> <!-- zomato -->
  <testcase classname="testngslassespractice.TestNG_Groups" name="olx" time="0.0">
    <ignored/>
  </testcase> <!-- olx -->
  <testcase classname="testngslassespractice.TestNG_Groups" name="swiggy" time="0.0">
    <ignored/>
  </testcase> <!-- swiggy -->
  <testcase classname="testngslassespractice.TestNG_Groups" name="flipkart" time="0.0">
    <ignored/>
  </testcase> <!-- flipkart -->
  <testcase classname="testngslassespractice.TestNG_Groups" name="redmine" time="0.0">
    <ignored/>
  </testcase> <!-- redmine -->
  <testcase classname="testngslassespractice.TestNG_Groups" name="amazon" time="0.0">
    <ignored/>
  </testcase> <!-- amazon -->
  <testcase classname="testngslassespractice.TestNG_Groups" name="selenium" time="0.0">
    <ignored/>
  </testcase> <!-- selenium -->
</testsuite> <!-- Test -->
