<?xml version="1.0" encoding="UTF-8"?>
<testng-results ignored="0" total="1" passed="1" failed="0" skipped="0">
  <reporter-output>
  </reporter-output>
  <suite started-at="2024-06-26T16:04:18 IST" name="Default suite" finished-at="2024-06-26T16:05:59 IST" duration-ms="100654">
    <groups>
    </groups>
    <test started-at="2024-06-26T16:04:18 IST" name="Default test" finished-at="2024-06-26T16:05:59 IST" duration-ms="100654">
      <class name="datadrivenframework.LoginValidationResults">
        <test-method is-config="true" signature="beforeTest()[pri:0, instance:datadrivenframework.LoginValidationResults@7d4f9aae]" started-at="2024-06-26T16:04:18 IST" name="beforeTest" finished-at="2024-06-26T16:04:21 IST" duration-ms="2139" status="PASS">
          <reporter-output>
          </reporter-output>
        </test-method> <!-- beforeTest -->
        <test-method signature="PrintTestResultsinSheet()[pri:0, instance:datadrivenframework.LoginValidationResults@7d4f9aae]" started-at="2024-06-26T16:04:21 IST" name="PrintTestResultsinSheet" finished-at="2024-06-26T16:05:59 IST" duration-ms="98448" status="PASS">
          <reporter-output>
          </reporter-output>
        </test-method> <!-- PrintTestResultsinSheet -->
      </class> <!-- datadrivenframework.LoginValidationResults -->
    </test> <!-- Default test -->
  </suite> <!-- Default suite -->
</testng-results>
